info it worked if it ends with ok
verbose cli [ 'node', '/usr/bin/npm', 'install', 'hidstream' ]
info using npm@1.1.4
info using node@v0.6.19
verbose config file /root/.npmrc
verbose config file /usr/etc/npmrc
verbose config file /usr/share/npm/npmrc
verbose cache add [ 'hidstream', null ]
silly cache add: name, spec, args [ undefined, 'hidstream', [ 'hidstream', null ] ]
verbose parsed url { pathname: 'hidstream', path: 'hidstream', href: 'hidstream' }
verbose addNamed [ 'hidstream', '' ]
verbose addNamed [ null, '' ]
silly name, range, hasData [ 'hidstream', '', false ]
verbose raw, before any munging hidstream
verbose url resolving [ 'https://registry.npmjs.org/', './hidstream' ]
verbose url resolved https://registry.npmjs.org/hidstream
http GET https://registry.npmjs.org/hidstream
http 404 https://registry.npmjs.org/hidstream
silly get cb [ 404,
silly get cb   { server: 'CouchDB/1.2.0 (Erlang OTP/R15B)',
silly get cb     date: 'Mon, 03 Sep 2012 04:37:27 GMT',
silly get cb     'content-type': 'application/json',
silly get cb     'content-length': '52',
silly get cb     'cache-control': 'must-revalidate' } ]
ERR! 404 'hidstream' is not in the npm registry.
ERR! 404 You should bug the author to publish it
ERR! 404 Note that you can also install from a
ERR! 404 tarball, folder, or http url, or git url.
ERR! 
ERR! System Linux 3.1.9+
ERR! command "node" "/usr/bin/npm" "install" "hidstream"
ERR! cwd /opt/utilities
ERR! node -v v0.6.19
ERR! npm -v 1.1.4
ERR! code E404
ERR! message 404 Not Found: hidstream
ERR! errno {}
verbose exit [ 1, true ]
